
> nextjs@0.1.0 dev
> next dev -H 0.0.0.0 -p 3000

   ▲ Next.js 15.2.3
   - Local:        http://localhost:3000
   - Network:      http://0.0.0.0:3000

 ✓ Starting...
Attention: Next.js now collects completely anonymous telemetry regarding usage.
This information is used to shape Next.js' roadmap and prioritize features.
You can learn more, including how to opt-out if you'd not like to participate in this anonymous program, by visiting the following URL:
https://nextjs.org/telemetry

 ✓ Ready in 3.8s
 ○ Compiling / ...
 ✓ Compiled / in 38.7s (812 modules)
 ✓ Compiled in 3.6s (346 modules)
 ✓ Compiled in 802ms (346 modules)
 ✓ Compiled in 896ms (346 modules)
 ✓ Compiled in 706ms (346 modules)
 ✓ Compiled in 809ms (346 modules)
 ✓ Compiled in 996ms (346 modules)
 ✓ Compiled in 1100ms (346 modules)
 ✓ Compiled in 601ms (346 modules)
 ✓ Compiled in 787ms (346 modules)
 ✓ Compiled in 600ms (346 modules)
 ✓ Compiled in 896ms (346 modules)
 ✓ Compiled in 701ms (346 modules)
 ✓ Compiled in 792ms (346 modules)
 ✓ Compiled in 803ms (346 modules)
 ✓ Compiled in 1001ms (346 modules)
 ✓ Compiled in 604ms (346 modules)
 ✓ Compiled in 599ms (346 modules)
 ✓ Compiled in 600ms (346 modules)
 ✓ Compiled in 799ms (346 modules)
 ✓ Compiled in 603ms (346 modules)
 ✓ Compiled in 895ms (346 modules)
 ✓ Compiled in 696ms (346 modules)
 ✓ Compiled in 803ms (346 modules)
 ✓ Compiled in 1001ms (346 modules)
 ✓ Compiled in 1101ms (346 modules)
 ✓ Compiled in 1298ms (346 modules)
 ✓ Compiled in 997ms (346 modules)
 ✓ Compiled in 1295ms (346 modules)
 ✓ Compiled in 899ms (346 modules)
 ✓ Compiled in 1199ms (346 modules)
 ✓ Compiled in 1103ms (346 modules)
 ✓ Compiled in 1394ms (346 modules)
 ✓ Compiled in 1101ms (346 modules)
 ✓ Compiled in 996ms (346 modules)
 ✓ Compiled in 812ms (346 modules)
 ✓ Compiled in 387ms (346 modules)
 ✓ Compiled in 398ms (346 modules)
 ✓ Compiled in 497ms (346 modules)
 ✓ Compiled in 311ms (346 modules)
 ✓ Compiled in 325ms (346 modules)
 ✓ Compiled in 496ms (346 modules)
 ✓ Compiled in 479ms (346 modules)
 ✓ Compiled in 396ms (346 modules)
 ✓ Compiled in 321ms (346 modules)
 ✓ Compiled in 310ms (346 modules)
 ✓ Compiled in 398ms (346 modules)
